<?xml version="1.0" encoding="UTF-8"?>
<testsuite name="com.sei.tlpbset.DeDupTest" tests="4" skipped="0" failures="0" errors="0" timestamp="2017-04-13T02:18:17" hostname="L-AH787250" time="0.033">
  <properties/>
  <testcase name="testRemoveDuplicatedMemberSortByASC" classname="com.sei.tlpbset.DeDupTest" time="0.014"/>
  <testcase name="testRemoveDuplicatedMemberSortByDSC" classname="com.sei.tlpbset.DeDupTest" time="0.003"/>
  <testcase name="testremoveDuplicatedMemberByUsingSet" classname="com.sei.tlpbset.DeDupTest" time="0.013"/>
  <testcase name="testRemoveDuplicatedMemberByUsingDistinct" classname="com.sei.tlpbset.DeDupTest" time="0.002"/>
  <system-out><![CDATA[]]></system-out>
  <system-err><![CDATA[]]></system-err>
</testsuite>
